#
# A fatal error has been detected by the Java Runtime Environment:
#
#  EXCEPTION_ACCESS_VIOLATION (0xc0000005) at pc=0x0000000068769d88, pid=11568, tid=9584
#
# JRE version: 7.0_25-b17
# Java VM: Java HotSpot(TM) 64-Bit Server VM (23.25-b01 mixed mode windows-amd64 compressed oops)
# Problematic frame:
# C  [awt.dll+0xb9d88]  Java_sun_awt_Win32GraphicsEnvironment_isVistaOS+0xa40
#
# Failed to write core dump. Minidumps are not enabled by default on client versions of Windows
#
# If you would like to submit a bug report, please visit:
#   http://bugreport.sun.com/bugreport/crash.jsp
# The crash happened outside the Java Virtual Machine in native code.
# See problematic frame for where to report the bug.
#

---------------  T H R E A D  ---------------

Current thread (0x00000000142d8800):  JavaThread "AWT-EventQueue-0" [_thread_in_native, id=9584, stack(0x0000000014940000,0x0000000014a40000)]

siginfo: ExceptionCode=0xc0000005, reading address 0x0000000000000008

Registers:
RAX=0x000000000000000d, RBX=0x00000000142d89d8, RCX=0x0000000000000000, RDX=0xffffffffa1013ecb
RSP=0x0000000014a3c898, RBP=0x00000000142d89d8, RSI=0x000000001452bd40, RDI=0x00000000151f4840
R8 =0x0000000014a3c858, R9 =0x0000000000000005, R10=0x0000000000000000, R11=0x0000000014a3c898
R12=0xffffffffa1013ecb, R13=0x0000000000000000, R14=0x0000000014a3d028, R15=0x00000000142d8800
RIP=0x0000000068769d88, EFLAGS=0x0000000000010206

Top of Stack: (sp=0x0000000014a3c898)
0x0000000014a3c898:   000000006872a379 0000000000000000
0x0000000014a3c8a8:   00000000142d89d8 00000000142d89d8
0x0000000014a3c8b8:   000000001452bd40 0000000000000000
0x0000000014a3c8c8:   000000001452bd40 0000000014a3d018
0x0000000014a3c8d8:   000000006870a6b1 00000000142d89d8
0x0000000014a3c8e8:   0000000000000000 0000000014a3ca01
0x0000000014a3c8f8:   0000000000000000 00000000150bfe80
0x0000000014a3c908:   0000000068726fe2 0000000014a3d018
0x0000000014a3c918:   0000000014a3ca10 00000000142d89d8
0x0000000014a3c928:   402c000000000000 0000000014a3c990
0x0000000014a3c938:   00000000027061f8 00000000027061f8
0x0000000014a3c948:   00000007afbf6008 0000000014a3c950
0x0000000014a3c958:   0000000702e5fe8d 0000000014a3c9d0
0x0000000014a3c968:   0000000702e7b390 0000000000000000
0x0000000014a3c978:   0000000702e5fee8 0000000000000000
0x0000000014a3c988:   0000000014a3d010 00000000142d89d8 

Instructions: (pc=0x0000000068769d88)
0x0000000068769d68:   5e 41 5d 41 5c 5f c3 cc 48 8b 41 08 48 05 00 04
0x0000000068769d78:   00 00 c3 cc 48 8b 41 08 48 8b 80 18 0c 00 00 c3
0x0000000068769d88:   48 8b 49 08 48 85 c9 74 05 e9 0e 6f fe ff 33 c0
0x0000000068769d98:   c3 cc cc cc 48 83 ec 28 48 8b 49 08 48 85 c9 74 


Register to memory mapping:

RAX=0x000000000000000d is an unknown value
RBX=0x00000000142d89d8 is an unknown value
RCX=0x0000000000000000 is an unknown value
RDX=0xffffffffa1013ecb is an unknown value
RSP=0x0000000014a3c898 is pointing into the stack for thread: 0x00000000142d8800
RBP=0x00000000142d89d8 is an unknown value
RSI=0x000000001452bd40 is an unknown value
RDI=0x00000000151f4840 is an unknown value
R8 =0x0000000014a3c858 is pointing into the stack for thread: 0x00000000142d8800
R9 =0x0000000000000005 is an unknown value
R10=0x0000000000000000 is an unknown value
R11=0x0000000014a3c898 is pointing into the stack for thread: 0x00000000142d8800
R12=0xffffffffa1013ecb is an unknown value
R13=0x0000000000000000 is an unknown value
R14=0x0000000014a3d028 is pointing into the stack for thread: 0x00000000142d8800
R15=0x00000000142d8800 is a thread


Stack: [0x0000000014940000,0x0000000014a40000],  sp=0x0000000014a3c898,  free space=1010k
Native frames: (J=compiled Java code, j=interpreted, Vv=VM code, C=native code)
C  [awt.dll+0xb9d88]  Java_sun_awt_Win32GraphicsEnvironment_isVistaOS+0xa40

Java frames: (J=compiled Java code, j=interpreted, Vv=VM code)
j  sun.java2d.windows.GDIBlitLoops.nativeBlit(Lsun/java2d/SurfaceData;Lsun/java2d/SurfaceData;Lsun/java2d/pipe/Region;IIIIIIIIIZ)V+0
j  sun.java2d.windows.GDIBlitLoops.Blit(Lsun/java2d/SurfaceData;Lsun/java2d/SurfaceData;Ljava/awt/Composite;Lsun/java2d/pipe/Region;IIIIII)V+33
j  sun.java2d.pipe.DrawImage.blitSurfaceData(Lsun/java2d/SunGraphics2D;Lsun/java2d/pipe/Region;Lsun/java2d/SurfaceData;Lsun/java2d/SurfaceData;Lsun/java2d/loops/SurfaceType;Lsun/java2d/loops/SurfaceType;IIIIIILjava/awt/Color;)V+97
j  sun.java2d.pipe.DrawImage.renderImageCopy(Lsun/java2d/SunGraphics2D;Ljava/awt/Image;Ljava/awt/Color;IIIIII)Z+77
j  sun.java2d.pipe.DrawImage.copyImage(Lsun/java2d/SunGraphics2D;Ljava/awt/Image;IILjava/awt/Color;)Z+45
j  sun.java2d.pipe.DrawImage.copyImage(Lsun/java2d/SunGraphics2D;Ljava/awt/Image;IILjava/awt/Color;Ljava/awt/image/ImageObserver;)Z+15
j  sun.java2d.pipe.ValidatePipe.copyImage(Lsun/java2d/SunGraphics2D;Ljava/awt/Image;IILjava/awt/Color;Ljava/awt/image/ImageObserver;)Z+21
j  sun.java2d.SunGraphics2D.drawImage(Ljava/awt/Image;IILjava/awt/Color;Ljava/awt/image/ImageObserver;)Z+18
j  sun.java2d.SunGraphics2D.drawImage(Ljava/awt/Image;IILjava/awt/image/ImageObserver;)Z+7
j  javax.swing.RepaintManager$PaintManager.paintDoubleBuffered(Ljavax/swing/JComponent;Ljava/awt/Image;Ljava/awt/Graphics;IIII)V+127
j  javax.swing.RepaintManager$PaintManager.paint(Ljavax/swing/JComponent;Ljavax/swing/JComponent;Ljava/awt/Graphics;IIII)Z+116
j  javax.swing.RepaintManager.paint(Ljavax/swing/JComponent;Ljavax/swing/JComponent;Ljava/awt/Graphics;IIII)V+52
j  javax.swing.JComponent.paint(Ljava/awt/Graphics;)V+221
j  java.awt.GraphicsCallback$PaintCallback.run(Ljava/awt/Component;Ljava/awt/Graphics;)V+2
j  sun.awt.SunGraphicsCallback.runOneComponent(Ljava/awt/Component;Ljava/awt/Rectangle;Ljava/awt/Graphics;Ljava/awt/Shape;I)V+155
j  sun.awt.SunGraphicsCallback.runComponents([Ljava/awt/Component;Ljava/awt/Graphics;I)V+194
j  java.awt.Container.paint(Ljava/awt/Graphics;)V+58
j  java.awt.Window.paint(Ljava/awt/Graphics;)V+68
j  javax.swing.RepaintManager$3.run()Ljava/lang/Void;+136
j  javax.swing.RepaintManager$3.run()Ljava/lang/Object;+1
v  ~StubRoutines::call_stub
J  java.security.AccessController.doPrivileged(Ljava/security/PrivilegedAction;Ljava/security/AccessControlContext;)Ljava/lang/Object;
j  java.security.ProtectionDomain$1.doIntersectionPrivilege(Ljava/security/PrivilegedAction;Ljava/security/AccessControlContext;Ljava/security/AccessControlContext;)Ljava/lang/Object;+28
j  javax.swing.RepaintManager.paintDirtyRegions(Ljava/util/Map;)V+154
j  javax.swing.RepaintManager.paintDirtyRegions()V+46
j  javax.swing.RepaintManager.prePaintDirtyRegions()V+73
j  javax.swing.RepaintManager.access$1000(Ljavax/swing/RepaintManager;)V+1
j  javax.swing.RepaintManager$ProcessingRunnable.run()V+37
j  java.awt.event.InvocationEvent.dispatch()V+47
j  java.awt.EventQueue.dispatchEventImpl(Ljava/awt/AWTEvent;Ljava/lang/Object;)V+21
j  java.awt.EventQueue.access$200(Ljava/awt/EventQueue;Ljava/awt/AWTEvent;Ljava/lang/Object;)V+3
j  java.awt.EventQueue$3.run()Ljava/lang/Void;+12
j  java.awt.EventQueue$3.run()Ljava/lang/Object;+1
v  ~StubRoutines::call_stub
J  java.security.AccessController.doPrivileged(Ljava/security/PrivilegedAction;Ljava/security/AccessControlContext;)Ljava/lang/Object;
j  java.security.ProtectionDomain$1.doIntersectionPrivilege(Ljava/security/PrivilegedAction;Ljava/security/AccessControlContext;Ljava/security/AccessControlContext;)Ljava/lang/Object;+28
j  java.awt.EventQueue.dispatchEvent(Ljava/awt/AWTEvent;)V+46
j  java.awt.EventDispatchThread.pumpOneEventForFilters(I)V+245
j  java.awt.EventDispatchThread.pumpEventsForFilter(ILjava/awt/Conditional;Ljava/awt/EventFilter;)V+35
j  java.awt.EventDispatchThread.pumpEventsForHierarchy(ILjava/awt/Conditional;Ljava/awt/Component;)V+11
j  java.awt.EventDispatchThread.pumpEvents(ILjava/awt/Conditional;)V+4
j  java.awt.EventDispatchThread.pumpEvents(Ljava/awt/Conditional;)V+3
j  java.awt.EventDispatchThread.run()V+9
v  ~StubRoutines::call_stub

---------------  P R O C E S S  ---------------

Java Threads: ( => current thread )
  0x00000000158f0000 JavaThread "weblogic.transaction.TxTimer: '1'" daemon [_thread_blocked, id=14728, stack(0x000000001a2c0000,0x000000001a3c0000)]
  0x00000000158ef800 JavaThread "Timer-0" daemon [_thread_blocked, id=15464, stack(0x000000001a190000,0x000000001a290000)]
  0x00000000158ee800 JavaThread "weblogic.timers.TimerThread" daemon [_thread_blocked, id=13940, stack(0x0000000019860000,0x0000000019960000)]
  0x00000000158ee000 JavaThread "ExecuteThread: '4' for queue: 'default'" daemon [_thread_blocked, id=1908, stack(0x0000000019f30000,0x000000001a030000)]
  0x00000000158ed000 JavaThread "ExecuteThread: '3' for queue: 'default'" daemon [_thread_blocked, id=15696, stack(0x0000000019be0000,0x0000000019ce0000)]
  0x00000000150bc000 JavaThread "ExecuteThread: '2' for queue: 'default'" daemon [_thread_blocked, id=15180, stack(0x00000000199f0000,0x0000000019af0000)]
  0x00000000150bb000 JavaThread "ExecuteThread: '1' for queue: 'default'" daemon [_thread_blocked, id=7508, stack(0x0000000019750000,0x0000000019850000)]
  0x000000001464a800 JavaThread "ExecuteThread: '0' for queue: 'default'" daemon [_thread_blocked, id=1552, stack(0x00000000194d0000,0x00000000195d0000)]
  0x000000001348d000 JavaThread "Foxtrot Multi Worker Thread Runner #1" daemon [_thread_blocked, id=10784, stack(0x00000000191a0000,0x00000000192a0000)]
  0x0000000014504000 JavaThread "D3D Screen Updater" daemon [_thread_blocked, id=17852, stack(0x0000000018f30000,0x0000000019030000)]
  0x00000000004ae800 JavaThread "DestroyJavaVM" [_thread_blocked, id=18160, stack(0x0000000002600000,0x0000000002700000)]
  0x0000000014384000 JavaThread "TimerQueue" daemon [_thread_blocked, id=13468, stack(0x00000000186a0000,0x00000000187a0000)]
=>0x00000000142d8800 JavaThread "AWT-EventQueue-0" [_thread_in_native, id=9584, stack(0x0000000014940000,0x0000000014a40000)]
  0x00000000136bb000 JavaThread "AWT-Shutdown" [_thread_blocked, id=7976, stack(0x0000000016040000,0x0000000016140000)]
  0x00000000136bc000 JavaThread "AWT-Windows" daemon [_thread_in_native, id=14084, stack(0x0000000014a80000,0x0000000014b80000)]
  0x00000000136ad800 JavaThread "Java2D Disposer" daemon [_thread_blocked, id=12184, stack(0x00000000147a0000,0x00000000148a0000)]
  0x0000000013340800 JavaThread "Service Thread" daemon [_thread_blocked, id=16360, stack(0x0000000012ef0000,0x0000000012ff0000)]
  0x0000000013337800 JavaThread "C2 CompilerThread1" daemon [_thread_blocked, id=7708, stack(0x0000000013ca0000,0x0000000013da0000)]
  0x0000000013332800 JavaThread "C2 CompilerThread0" daemon [_thread_blocked, id=7428, stack(0x0000000013b10000,0x0000000013c10000)]
  0x000000001332f000 JavaThread "Attach Listener" daemon [_thread_blocked, id=12736, stack(0x0000000013900000,0x0000000013a00000)]
  0x000000001332e800 JavaThread "Signal Dispatcher" daemon [_thread_blocked, id=8668, stack(0x0000000013730000,0x0000000013830000)]
  0x00000000111aa800 JavaThread "Finalizer" daemon [_thread_blocked, id=8260, stack(0x00000000131e0000,0x00000000132e0000)]
  0x00000000111a2000 JavaThread "Reference Handler" daemon [_thread_blocked, id=8400, stack(0x0000000012ff0000,0x00000000130f0000)]

Other Threads:
  0x000000001119a800 VMThread [stack: 0x0000000012de0000,0x0000000012ee0000] [id=15916]
  0x000000001335e000 WatcherThread [stack: 0x0000000013dc0000,0x0000000013ec0000] [id=15996]

VM state:not at safepoint (normal execution)

VM Mutex/Monitor currently owned by a thread: None

Heap
 PSYoungGen      total 74432K, used 62171K [0x00000007aceb0000, 0x00000007b21c0000, 0x0000000800000000)
  eden space 63808K, 80% used [0x00000007aceb0000,0x00000007b0107f48,0x00000007b0d00000)
  from space 10624K, 99% used [0x00000007b1760000,0x00000007b21befa8,0x00000007b21c0000)
  to   space 10624K, 0% used [0x00000007b0d00000,0x00000007b0d00000,0x00000007b1760000)
 ParOldGen       total 170176K, used 9061K [0x0000000706c00000, 0x0000000711230000, 0x00000007aceb0000)
  object space 170176K, 5% used [0x0000000706c00000,0x00000007074d9720,0x0000000711230000)
 PSPermGen       total 37760K, used 37577K [0x0000000701a00000, 0x0000000703ee0000, 0x0000000706c00000)
  object space 37760K, 99% used [0x0000000701a00000,0x0000000703eb24c8,0x0000000703ee0000)

Card table byte_map: [0x0000000005700000,0x0000000005f00000] byte_map_base: 0x0000000001ef3000

Polling page: 0x0000000000470000

Code Cache  [0x0000000002700000, 0x0000000002970000, 0x0000000005700000)
 total_blobs=999 nmethods=412 adapters=538 free_code_cache=47653Kb largest_free_block=48750080

Compilation events (10 events):
Event: 2756.774 Thread 0x0000000013332800  432  s          java.awt.KeyboardFocusManager::getCurrentKeyboardFocusManager (34 bytes)
Event: 2756.775 Thread 0x0000000013337800  433             java.awt.KeyboardFocusManager::getCurrentKeyboardFocusManager (7 bytes)
Event: 2756.776 Thread 0x0000000013332800 nmethod 432 0x0000000002870310 code [0x0000000002870480, 0x0000000002870828]
Event: 2756.777 Thread 0x0000000013337800 nmethod 433 0x0000000002874090 code [0x0000000002874220, 0x0000000002874678]
Event: 2756.779 Thread 0x0000000013332800  434             javax.swing.plaf.synth.Region::getUItoRegionMap (578 bytes)
Event: 2756.779 Thread 0x0000000013337800  435             javax.swing.plaf.synth.Region::getRegion (16 bytes)
Event: 2756.781 Thread 0x0000000013332800 nmethod 434 0x0000000002873bd0 code [0x0000000002873d40, 0x0000000002873e98]
Event: 2756.782 Thread 0x0000000013332800  436             sun.misc.FpUtils::getExponent (17 bytes)
Event: 2756.782 Thread 0x0000000013332800 nmethod 436 0x0000000002870110 code [0x0000000002870240, 0x0000000002870298]
Event: 2756.786 Thread 0x0000000013337800 nmethod 435 0x0000000002871e10 code [0x0000000002871f80, 0x0000000002872438]

GC Heap History (4 events):
Event: 1.992 GC heap before
{Heap before GC invocations=1 (full 0):
 PSYoungGen      total 74432K, used 63808K [0x00000007aceb0000, 0x00000007b21c0000, 0x0000000800000000)
  eden space 63808K, 100% used [0x00000007aceb0000,0x00000007b0d00000,0x00000007b0d00000)
  from space 10624K, 0% used [0x00000007b1760000,0x00000007b1760000,0x00000007b21c0000)
  to   space 10624K, 0% used [0x00000007b0d00000,0x00000007b0d00000,0x00000007b1760000)
 ParOldGen       total 170176K, used 0K [0x0000000706c00000, 0x0000000711230000, 0x00000007aceb0000)
  object space 170176K, 0% used [0x0000000706c00000,0x0000000706c00000,0x0000000711230000)
 PSPermGen       total 21248K, used 17498K [0x0000000701a00000, 0x0000000702ec0000, 0x0000000706c00000)
  object space 21248K, 82% used [0x0000000701a00000,0x0000000702b16bc8,0x0000000702ec0000)
Event: 2.004 GC heap after
Heap after GC invocations=1 (full 0):
 PSYoungGen      total 74432K, used 8372K [0x00000007aceb0000, 0x00000007b21c0000, 0x0000000800000000)
  eden space 63808K, 0% used [0x00000007aceb0000,0x00000007aceb0000,0x00000007b0d00000)
  from space 10624K, 78% used [0x00000007b0d00000,0x00000007b152d2e8,0x00000007b1760000)
  to   space 10624K, 0% used [0x00000007b1760000,0x00000007b1760000,0x00000007b21c0000)
 ParOldGen       total 170176K, used 8K [0x0000000706c00000, 0x0000000711230000, 0x00000007aceb0000)
  object space 170176K, 0% used [0x0000000706c00000,0x0000000706c02000,0x0000000711230000)
 PSPermGen       total 21248K, used 17498K [0x0000000701a00000, 0x0000000702ec0000, 0x0000000706c00000)
  object space 21248K, 82% used [0x0000000701a00000,0x0000000702b16bc8,0x0000000702ec0000)
}
Event: 47.100 GC heap before
{Heap before GC invocations=2 (full 0):
 PSYoungGen      total 74432K, used 72180K [0x00000007aceb0000, 0x00000007b21c0000, 0x0000000800000000)
  eden space 63808K, 100% used [0x00000007aceb0000,0x00000007b0d00000,0x00000007b0d00000)
  from space 10624K, 78% used [0x00000007b0d00000,0x00000007b152d2e8,0x00000007b1760000)
  to   space 10624K, 0% used [0x00000007b1760000,0x00000007b1760000,0x00000007b21c0000)
 ParOldGen       total 170176K, used 8K [0x0000000706c00000, 0x0000000711230000, 0x00000007aceb0000)
  object space 170176K, 0% used [0x0000000706c00000,0x0000000706c02000,0x0000000711230000)
 PSPermGen       total 33920K, used 33734K [0x0000000701a00000, 0x0000000703b20000, 0x0000000706c00000)
  object space 33920K, 99% used [0x0000000701a00000,0x0000000703af1af0,0x0000000703b20000)
Event: 47.137 GC heap after
Heap after GC invocations=2 (full 0):
 PSYoungGen      total 74432K, used 10619K [0x00000007aceb0000, 0x00000007b21c0000, 0x0000000800000000)
  eden space 63808K, 0% used [0x00000007aceb0000,0x00000007aceb0000,0x00000007b0d00000)
  from space 10624K, 99% used [0x00000007b1760000,0x00000007b21befa8,0x00000007b21c0000)
  to   space 10624K, 0% used [0x00000007b0d00000,0x00000007b0d00000,0x00000007b1760000)
 ParOldGen       total 170176K, used 9061K [0x0000000706c00000, 0x0000000711230000, 0x00000007aceb0000)
  object space 170176K, 5% used [0x0000000706c00000,0x00000007074d9720,0x0000000711230000)
 PSPermGen       total 33920K, used 33734K [0x0000000701a00000, 0x0000000703b20000, 0x0000000706c00000)
  object space 33920K, 99% used [0x0000000701a00000,0x0000000703af1af0,0x0000000703b20000)
}

Deoptimization events (10 events):
Event: 343.395 Thread 0x00000000142d8800 Uncommon trap -83 fr.pc 0x0000000002837e44
Event: 343.414 Thread 0x00000000142d8800 Uncommon trap -34 fr.pc 0x0000000002859b2c
Event: 343.414 Thread 0x00000000142d8800 Uncommon trap -83 fr.pc 0x00000000027a87cc
Event: 343.415 Thread 0x00000000142d8800 Uncommon trap -34 fr.pc 0x0000000002859b2c
Event: 343.416 Thread 0x00000000142d8800 Uncommon trap -34 fr.pc 0x0000000002851614
Event: 343.461 Thread 0x00000000142d8800 Uncommon trap -34 fr.pc 0x0000000002859b2c
Event: 343.461 Thread 0x00000000142d8800 Uncommon trap -34 fr.pc 0x0000000002859b2c
Event: 344.251 Thread 0x00000000142d8800 Uncommon trap -83 fr.pc 0x0000000002867ec8
Event: 2750.152 Thread 0x00000000142d8800 Uncommon trap -83 fr.pc 0x0000000002851668
Event: 2750.884 Thread 0x00000000142d8800 Uncommon trap -83 fr.pc 0x000000000286216c

Internal exceptions (10 events):
Event: 1519.634 Thread 0x00000000158ee000 Threw 0x00000007aed85818 at C:\jdk7u2_64p\jdk7u25\hotspot\src\share\vm\prims\jni.cpp:742
Event: 1520.634 Thread 0x00000000158ee000 Threw 0x00000007aed85988 at C:\jdk7u2_64p\jdk7u25\hotspot\src\share\vm\prims\jni.cpp:742
Event: 1521.634 Thread 0x00000000158ee000 Threw 0x00000007aed85af8 at C:\jdk7u2_64p\jdk7u25\hotspot\src\share\vm\prims\jni.cpp:742
Event: 1522.634 Thread 0x00000000158ee000 Threw 0x00000007aed85c68 at C:\jdk7u2_64p\jdk7u25\hotspot\src\share\vm\prims\jni.cpp:742
Event: 1523.634 Thread 0x00000000158ee000 Threw 0x00000007aed85dd8 at C:\jdk7u2_64p\jdk7u25\hotspot\src\share\vm\prims\jni.cpp:742
Event: 1524.634 Thread 0x00000000158ee000 Threw 0x00000007aed85f48 at C:\jdk7u2_64p\jdk7u25\hotspot\src\share\vm\prims\jni.cpp:742
Event: 1525.634 Thread 0x00000000158ee000 Threw 0x00000007aed860b8 at C:\jdk7u2_64p\jdk7u25\hotspot\src\share\vm\prims\jni.cpp:742
Event: 1526.208 Thread 0x00000000158ee000 Threw 0x00000007aed86208 at C:\jdk7u2_64p\jdk7u25\hotspot\src\share\vm\prims\jni.cpp:742
Event: 1526.208 Thread 0x00000000158ee000 Threw 0x00000007aed86350 at C:\jdk7u2_64p\jdk7u25\hotspot\src\share\vm\prims\jni.cpp:742
Event: 2750.884 Thread 0x00000000142d8800 Implicit null exception at 0x0000000002861d70 to 0x0000000002862155

Events (10 events):
Event: 2749.938 loading class 0x0000000015175300
Event: 2749.939 loading class 0x0000000015175300 done
Event: 2750.152 Thread 0x00000000142d8800 DEOPT PACKING pc=0x0000000002851668 sp=0x0000000014a3cec0
Event: 2750.152 Thread 0x00000000142d8800 DEOPT UNPACKING pc=0x0000000002739164 sp=0x0000000014a3ce40 mode 2
Event: 2750.884 Thread 0x00000000142d8800 DEOPT PACKING pc=0x000000000286216c sp=0x0000000014a3cfb0
Event: 2750.884 Thread 0x00000000142d8800 DEOPT UNPACKING pc=0x0000000002739164 sp=0x0000000014a3cf80 mode 2
Event: 2751.359 Executing VM operation: RevokeBias
Event: 2751.359 Executing VM operation: RevokeBias done
Event: 2755.166 Executing VM operation: RevokeBias
Event: 2755.167 Executing VM operation: RevokeBias done


Dynamic libraries:
0x000000013f160000 - 0x000000013f193000 	c:\Dev\sdk\jdk7u25\jre\bin\java.exe
0x0000000077750000 - 0x00000000778f9000 	C:\windows\SYSTEM32\ntdll.dll
0x0000000077530000 - 0x000000007764f000 	C:\windows\system32\kernel32.dll
0x000007fefd750000 - 0x000007fefd7bb000 	C:\windows\system32\KERNELBASE.dll
0x00000000753f0000 - 0x0000000075477000 	C:\windows\System32\SYSFER.DLL
0x000007feff980000 - 0x000007feffa5b000 	C:\windows\system32\ADVAPI32.dll
0x000007fefda70000 - 0x000007fefdb0f000 	C:\windows\system32\msvcrt.dll
0x000007fefe0a0000 - 0x000007fefe0bf000 	C:\windows\SYSTEM32\sechost.dll
0x000007fefe830000 - 0x000007fefe95d000 	C:\windows\system32\RPCRT4.dll
0x0000000077650000 - 0x000000007774a000 	C:\windows\system32\USER32.dll
0x000007fefdb90000 - 0x000007fefdbf7000 	C:\windows\system32\GDI32.dll
0x000007fefe0c0000 - 0x000007fefe0ce000 	C:\windows\system32\LPK.dll
0x000007fefe4c0000 - 0x000007fefe589000 	C:\windows\system32\USP10.dll
0x000007fefc610000 - 0x000007fefc804000 	C:\windows\WinSxS\amd64_microsoft.windows.common-controls_6595b64144ccf1df_6.0.7601.17514_none_fa396087175ac9ac\COMCTL32.dll
0x000007fefe7b0000 - 0x000007fefe821000 	C:\windows\system32\SHLWAPI.dll
0x000007fefde60000 - 0x000007fefde8e000 	C:\windows\system32\IMM32.DLL
0x000007feff6f0000 - 0x000007feff7f9000 	C:\windows\system32\MSCTF.dll
0x000007fefd650000 - 0x000007fefd694000 	C:\windows\system32\nvinitx.dll
0x000000000f000000 - 0x000000000f006000 	C:\Program Files\NVIDIA Corporation\CoProcManager\_etoured.dll
0x000007fef61f0000 - 0x000007fef6235000 	C:\Program Files\NVIDIA Corporation\CoProcManager\nvd3d9wrapx.dll
0x000007fefe2e0000 - 0x000007fefe4b7000 	C:\windows\system32\SETUPAPI.dll
0x000007fefd8c0000 - 0x000007fefd8f6000 	C:\windows\system32\CFGMGR32.dll
0x000007feff8a0000 - 0x000007feff977000 	C:\windows\system32\OLEAUT32.dll
0x000007fefe0d0000 - 0x000007fefe2d3000 	C:\windows\system32\ole32.dll
0x000007fefd8a0000 - 0x000007fefd8ba000 	C:\windows\system32\DEVOBJ.dll
0x000007fef61b0000 - 0x000007fef61e7000 	C:\Program Files\NVIDIA Corporation\CoProcManager\nvdxgiwrapx.dll
0x0000000068fa0000 - 0x0000000069071000 	c:\Dev\sdk\jdk7u25\jre\bin\msvcr100.dll
0x0000000056d60000 - 0x000000005746f000 	c:\Dev\sdk\jdk7u25\jre\bin\server\jvm.dll
0x000007fef8940000 - 0x000007fef8949000 	C:\windows\system32\WSOCK32.dll
0x000007fefe6c0000 - 0x000007fefe70d000 	C:\windows\system32\WS2_32.dll
0x000007fefe090000 - 0x000007fefe098000 	C:\windows\system32\NSI.dll
0x000007fefad80000 - 0x000007fefadbb000 	C:\windows\system32\WINMM.dll
0x0000000077910000 - 0x0000000077917000 	C:\windows\system32\PSAPI.DLL
0x000000006c930000 - 0x000000006c93f000 	c:\Dev\sdk\jdk7u25\jre\bin\verify.dll
0x0000000069c60000 - 0x0000000069c88000 	c:\Dev\sdk\jdk7u25\jre\bin\java.dll
0x000000006c210000 - 0x000000006c225000 	c:\Dev\sdk\jdk7u25\jre\bin\zip.dll
0x00000000686b0000 - 0x0000000068845000 	C:\Dev\sdk\jdk7u25\jre\bin\awt.dll
0x000007fefb8d0000 - 0x000007fefb926000 	C:\windows\system32\uxtheme.dll
0x000007fee7e30000 - 0x000007fee7e40000 	C:\windows\system32\PGPhk.dll
0x000007fefb5b0000 - 0x000007fefb5c8000 	C:\windows\system32\dwmapi.dll
0x000007fefd580000 - 0x000007fefd58f000 	C:\windows\system32\CRYPTBASE.dll
0x000007fefe960000 - 0x000007feff6e8000 	C:\windows\system32\SHELL32.dll
0x0000000069c20000 - 0x0000000069c5f000 	C:\Dev\sdk\jdk7u25\jre\bin\fontmanager.dll
0x000000006c900000 - 0x000000006c90b000 	C:\Dev\sdk\jdk7u25\jre\bin\management.dll
0x000000006b3f0000 - 0x000000006b409000 	C:\Dev\sdk\jdk7u25\jre\bin\net.dll
0x000007fefce30000 - 0x000007fefce85000 	C:\windows\system32\mswsock.dll
0x000007fefd080000 - 0x000007fefd087000 	C:\windows\System32\wship6.dll
0x000000006bdf0000 - 0x000000006be01000 	C:\Dev\sdk\jdk7u25\jre\bin\nio.dll
0x000007fefa7f0000 - 0x000007fefa805000 	C:\windows\system32\NLAapi.dll
0x000007fef8780000 - 0x000007fef8795000 	C:\windows\system32\napinsp.dll
0x000007fef8760000 - 0x000007fef8779000 	C:\windows\system32\pnrpnsp.dll
0x000007fefccc0000 - 0x000007fefcd1b000 	C:\windows\system32\DNSAPI.dll
0x000007fef8750000 - 0x000007fef875b000 	C:\windows\System32\winrnr.dll
0x000007fef8740000 - 0x000007fef8750000 	C:\windows\system32\wshbth.dll
0x000007fefc130000 - 0x000007fefc137000 	C:\windows\System32\wshtcpip.dll
0x000007fef9e60000 - 0x000007fef9e87000 	C:\windows\system32\IPHLPAPI.DLL
0x000007fef9e50000 - 0x000007fef9e5b000 	C:\windows\system32\WINNSI.DLL
0x000007fef8700000 - 0x000007fef8708000 	C:\windows\system32\rasadhlp.dll
0x000007fef9cc0000 - 0x000007fef9d13000 	C:\windows\System32\fwpuclnt.dll
0x000007fefc940000 - 0x000007fefc94c000 	C:\windows\system32\VERSION.dll
0x000007fef3b00000 - 0x000007fef3bf2000 	C:\windows\system32\nvumdshimx.dll
0x000007fef4e90000 - 0x000007fef5148000 	C:\windows\system32\nvapi64.dll
0x0000000180000000 - 0x00000001807c9000 	C:\windows\system32\igdumd64.dll
0x000007fee4ef0000 - 0x000007fee5fe3000 	C:\windows\system32\nvd3dumx.dll
0x000007fefd860000 - 0x000007fefd899000 	C:\windows\system32\WINTRUST.dll
0x000007fefd900000 - 0x000007fefda6a000 	C:\windows\system32\CRYPT32.dll
0x0000000002050000 - 0x000000000205f000 	C:\windows\system32\MSASN1.dll
0x0000000069bd0000 - 0x0000000069c11000 	C:\Dev\sdk\jdk7u25\jre\bin\t2k.dll
0x000007fee9420000 - 0x000007fee945f000 	C:\Program Files\ThinkPad\Bluetooth Software\btmmhook.dll
0x000007feff800000 - 0x000007feff899000 	C:\windows\system32\CLBCatQ.DLL
0x000007fefb070000 - 0x000007fefb19a000 	C:\windows\system32\WindowsCodecs.dll
0x000007fefd520000 - 0x000007fefd577000 	C:\windows\system32\apphelp.dll
0x0000000064cd0000 - 0x0000000064ce6000 	C:\Program Files\Common Files\TortoiseOverlays\TortoiseOverlays.dll
0x0000000069450000 - 0x0000000069467000 	C:\Program Files\TortoiseSVN\bin\TortoiseStub.dll
0x00000000693d0000 - 0x000000006944c000 	C:\Program Files\TortoiseSVN\bin\TortoiseSVN.dll
0x000007fefe590000 - 0x000007fefe6ba000 	C:\windows\system32\WININET.dll
0x000007fefdeb0000 - 0x000007fefe028000 	C:\windows\system32\urlmon.dll
0x000007fefdc00000 - 0x000007fefde5c000 	C:\windows\system32\iertutil.dll
0x000007fef0e30000 - 0x000007fef1299000 	C:\Program Files\TortoiseSVN\bin\libsvn_tsvn.dll
0x0000000069390000 - 0x00000000693bd000 	C:\Program Files\TortoiseSVN\bin\libapr_tsvn.dll
0x000007fefbe20000 - 0x000007fefbef4000 	C:\windows\system32\MSVCR110.dll
0x0000000069340000 - 0x0000000069385000 	C:\Program Files\TortoiseSVN\bin\libaprutil_tsvn.dll
0x000007fefe030000 - 0x000007fefe082000 	C:\windows\system32\WLDAP32.dll
0x000007fefbe00000 - 0x000007fefbe11000 	C:\Program Files\TortoiseSVN\bin\intl3_tsvn.dll
0x000007fefbde0000 - 0x000007fefbdf9000 	C:\Program Files\TortoiseSVN\bin\libsasl.dll
0x000007fefd340000 - 0x000007fefd34b000 	C:\windows\system32\Secur32.dll
0x000007fefd4f0000 - 0x000007fefd515000 	C:\windows\system32\SSPICLI.DLL
0x000007fefaf60000 - 0x000007fefb007000 	C:\windows\system32\MSVCP110.dll
0x000007feefa60000 - 0x000007feefc6d000 	C:\Program Files\TortoiseSVN\bin\crshhndl.dll
0x000007fefad40000 - 0x000007fefad75000 	C:\windows\system32\EhStorShell.dll
0x000007fefba60000 - 0x000007fefbb8c000 	C:\windows\system32\PROPSYS.dll
0x000007fefac20000 - 0x000007fefac9e000 	C:\windows\System32\cscui.dll
0x000007fefbd90000 - 0x000007fefbd9c000 	C:\windows\System32\CSCDLL.dll
0x000007fef8720000 - 0x000007fef872f000 	C:\windows\system32\CSCAPI.dll
0x0000000069ba0000 - 0x0000000069bca000 	C:\Dev\sdk\jdk7u25\jre\bin\dcpr.dll
0x000007fefd110000 - 0x000007fefd127000 	C:\windows\system32\CRYPTSP.dll
0x000007fefcbd0000 - 0x000007fefcc17000 	C:\windows\system32\rsaenh.dll
0x000007fefc240000 - 0x000007fefc25e000 	C:\windows\system32\USERENV.dll
0x000007fefd6a0000 - 0x000007fefd6af000 	C:\windows\system32\profapi.dll
0x000007fefb620000 - 0x000007fefb745000 	C:\windows\system32\dbghelp.dll

VM Arguments:
jvm_args: -Xbootclasspath/p:C:\Dev\rep\trunk\soa_testing_framework\lib\JAXB-ENDORSED\jaxb-api.jar -Dfile.encoding=UTF-8 
java_command: com.ibm.soatf.SOATestingFramework
Launcher Type: SUN_STANDARD

Environment Variables:
JAVA_HOME=c:\Dev\sdk\jdk7u25\
PATH=C:\Python33\;C:\Python33\Scripts;C:\Dev\server\oraclexe\app\oracle\product\11.2.0\server\bin;;C:\windows\system32;C:\windows;C:\windows\System32\Wbem;C:\windows\System32\WindowsPowerShell\v1.0\;C:\Program Files\IBM\Infoprint Select;C:\Program Files\ThinkPad\Bluetooth Software\;C:\Program Files\ThinkPad\Bluetooth Software\syswow64;C:\Program Files\Intel\WiFi\bin\;C:\Program Files\Common Files\Intel\WirelessCommon\;C:\Program Files (x86)\Lenovo\Access Connections\;C:\Program Files\TortoiseSVN\bin;0X0.000000P-1022PPDATA\Python\Scripts;C:\Program Files\Intel\WiFi\bin\;C:\Program Files\Common Files\Intel\WirelessCommon\;c:\Dev\sdk\jdk6u45\bin\;C:\Program Files (x86)\Nmap;c:\Dev\tool;c:\Dev\tool\apache-ant-1.9.2\bin\;c:\Dev\tool\;c:\Dev\tool\nasm-2.10.09\
USERNAME=zANGETSu
OS=Windows_NT
PROCESSOR_IDENTIFIER=Intel64 Family 6 Model 58 Stepping 9, GenuineIntel



---------------  S Y S T E M  ---------------

OS: Windows 7 , 64 bit Build 7601 Service Pack 1

CPU:total 8 (4 cores per cpu, 2 threads per core) family 6 model 58 stepping 9, cmov, cx8, fxsr, mmx, sse, sse2, sse3, ssse3, sse4.1, sse4.2, popcnt, avx, ht, tsc, tscinvbit, tscinv

Memory: 4k page, physical 16333612k(5165440k free), swap 32665364k(18964644k free)

vm_info: Java HotSpot(TM) 64-Bit Server VM (23.25-b01) for windows-amd64 JRE (1.7.0_25-b17), built on Jun 21 2013 12:58:32 by "java_re" with unknown MS VC++:1600

time: Wed Nov 27 17:25:00 2013
elapsed time: 2757 seconds

